[debug] [2021-02-04T05:21:36.889Z] ----------------------------------------------------------------------
[debug] [2021-02-04T05:21:36.892Z] Command:       /usr/local/Cellar/node@14/14.15.1/bin/node /usr/local/bin/firebase emulators:start --only functions
[debug] [2021-02-04T05:21:36.893Z] CLI Version:   9.3.0
[debug] [2021-02-04T05:21:36.893Z] Platform:      darwin
[debug] [2021-02-04T05:21:36.893Z] Node Version:  v14.15.1
[debug] [2021-02-04T05:21:36.901Z] Time:          Thu Feb 04 2021 10:51:36 GMT+0530 (India Standard Time)
[debug] [2021-02-04T05:21:36.901Z] ----------------------------------------------------------------------
[debug] [2021-02-04T05:21:36.902Z] 
[debug] [2021-02-04T05:21:36.910Z] > command requires scopes: ["email","openid","https://www.googleapis.com/auth/cloudplatformprojects.readonly","https://www.googleapis.com/auth/firebase","https://www.googleapis.com/auth/cloud-platform"]
[debug] [2021-02-04T05:21:36.911Z] > authorizing via signed-in user
[info] i  emulators: Starting emulators: functions {"metadata":{"emulator":{"name":"hub"},"message":"Starting emulators: functions"}}
[debug] [2021-02-04T05:21:36.941Z] [hub] writing locator at /var/folders/yn/4v1vvjks2s16gbzb1s81kbq40000gn/T/hub-twitter-13dd2.json
[warn] ⚠  functions: The following emulators are not running, calls to these services from the Functions emulator will affect production: auth, firestore, database, hosting, pubsub {"metadata":{"emulator":{"name":"functions"},"message":"The following emulators are not running, calls to these services from the Functions emulator will affect production: \u001b[1mauth, firestore, database, hosting, pubsub\u001b[22m"}}
[warn] ⚠  Your requested "node" version "12" doesn't match your global version "14" {"metadata":{"emulator":{"name":"functions"},"message":"Your requested \"node\" version \"12\" doesn't match your global version \"14\""}}
[debug] [2021-02-04T05:21:36.986Z] defaultcredentials: writing to file /Users/macnew2019_115/.config/firebase/gauravrana199827_gmail_com_application_default_credentials.json
[debug] [2021-02-04T05:21:36.990Z] Setting GAC to /Users/macnew2019_115/.config/firebase/gauravrana199827_gmail_com_application_default_credentials.json {"metadata":{"emulator":{"name":"functions"},"message":"Setting GAC to /Users/macnew2019_115/.config/firebase/gauravrana199827_gmail_com_application_default_credentials.json"}}
[debug] [2021-02-04T05:21:36.993Z] > refreshing access token with scopes: []
[debug] [2021-02-04T05:21:36.994Z] >>> HTTP REQUEST POST https://www.googleapis.com/oauth2/v3/token  
 <request body omitted>
[debug] [2021-02-04T05:21:37.199Z] <<< HTTP RESPONSE 200 {"cache-control":"no-cache, no-store, max-age=0, must-revalidate","expires":"Mon, 01 Jan 1990 00:00:00 GMT","pragma":"no-cache","date":"Thu, 04 Feb 2021 05:21:37 GMT","content-type":"application/json; charset=utf-8","vary":"X-Origin, Referer, Origin,Accept-Encoding","server":"scaffolding on HTTPServer2","x-xss-protection":"0","x-frame-options":"SAMEORIGIN","x-content-type-options":"nosniff","alt-svc":"h3-29=\":443\"; ma=2592000,h3-T051=\":443\"; ma=2592000,h3-Q050=\":443\"; ma=2592000,h3-Q046=\":443\"; ma=2592000,h3-Q043=\":443\"; ma=2592000,quic=\":443\"; ma=2592000; v=\"46,43\"","accept-ranges":"none","transfer-encoding":"chunked"}
[debug] [2021-02-04T05:21:37.209Z] >>> [apiv2][query] GET https://firebase.googleapis.com/v1beta1/projects/twitter-13dd2/adminSdkConfig [none]
[debug] [2021-02-04T05:21:37.813Z] <<< [apiv2][status] GET https://firebase.googleapis.com/v1beta1/projects/twitter-13dd2/adminSdkConfig 200
[debug] [2021-02-04T05:21:37.813Z] <<< [apiv2][body] GET https://firebase.googleapis.com/v1beta1/projects/twitter-13dd2/adminSdkConfig {"projectId":"twitter-13dd2","databaseURL":"https://twitter-13dd2.firebaseio.com","storageBucket":"twitter-13dd2.appspot.com","locationId":"us-central"}
[debug] [2021-02-04T05:21:38.084Z] Ignoring unsupported arg: auto_download {"metadata":{"emulator":{"name":"ui"},"message":"Ignoring unsupported arg: auto_download"}}
[debug] [2021-02-04T05:21:38.084Z] Ignoring unsupported arg: port {"metadata":{"emulator":{"name":"ui"},"message":"Ignoring unsupported arg: port"}}
[debug] [2021-02-04T05:21:38.084Z] Starting Emulator UI with command {"binary":"node","args":["/Users/macnew2019_115/.cache/firebase/emulators/ui-v1.4.1/server.bundle.js"],"optionalArgs":[],"joinArgs":false} {"metadata":{"emulator":{"name":"ui"},"message":"Starting Emulator UI with command {\"binary\":\"node\",\"args\":[\"/Users/macnew2019_115/.cache/firebase/emulators/ui-v1.4.1/server.bundle.js\"],\"optionalArgs\":[],\"joinArgs\":false}"}}
[info] i  ui: Emulator UI logging to ui-debug.log {"metadata":{"emulator":{"name":"ui"},"message":"Emulator UI logging to \u001b[1mui-debug.log\u001b[22m"}}
[debug] [2021-02-04T05:21:38.219Z] Web / API server started at http://localhost:4000
 {"metadata":{"emulator":{"name":"ui"},"message":"Web / API server started at http://localhost:4000\n"}}
[info] i  functions: Watching "/Users/macnew2019_115/Desktop/DEV/Twitter/functions" for Cloud Functions... {"metadata":{"emulator":{"name":"functions"},"message":"Watching \"/Users/macnew2019_115/Desktop/DEV/Twitter/functions\" for Cloud Functions..."}}
[debug] [2021-02-04T05:21:38.359Z] [worker-pool] addWorker(~diagnostic~) {"metadata":{"emulator":{"name":"functions"},"message":"[worker-pool] addWorker(~diagnostic~)"}}
[debug] [2021-02-04T05:21:38.360Z] [worker-pool] Adding worker with key ~diagnostic~, total=1 {"metadata":{"emulator":{"name":"functions"},"message":"[worker-pool] Adding worker with key ~diagnostic~, total=1"}}
[debug] [2021-02-04T05:21:38.360Z] [worker-pool] submitWork(triggerId=) {"metadata":{"emulator":{"name":"functions"},"message":"[worker-pool] submitWork(triggerId=)"}}
[debug] [2021-02-04T05:21:38.360Z] [worker-~diagnostic~-39de9a1e-6065-4108-9ca7-f536a4526341]: Assigning socketPath: /var/folders/yn/4v1vvjks2s16gbzb1s81kbq40000gn/T/fire_emu_3561.sock {"metadata":{"emulator":{"name":"functions"},"message":"[worker-~diagnostic~-39de9a1e-6065-4108-9ca7-f536a4526341]: Assigning socketPath: /var/folders/yn/4v1vvjks2s16gbzb1s81kbq40000gn/T/fire_emu_3561.sock"}}
[debug] [2021-02-04T05:21:38.361Z] [worker-~diagnostic~-39de9a1e-6065-4108-9ca7-f536a4526341]: BUSY {"metadata":{"emulator":{"name":"functions"},"message":"[worker-~diagnostic~-39de9a1e-6065-4108-9ca7-f536a4526341]: BUSY"}}
[debug] [2021-02-04T05:21:38.534Z] [runtime-status] [3561] Functions runtime initialized. {"cwd":"/Users/macnew2019_115/Desktop/DEV/Twitter/functions","node_version":"14.15.1"} {"metadata":{"emulator":{"name":"functions"},"message":"[runtime-status] [3561] Functions runtime initialized. {\"cwd\":\"/Users/macnew2019_115/Desktop/DEV/Twitter/functions\",\"node_version\":\"14.15.1\"}"}}
[debug] [2021-02-04T05:21:38.535Z] [runtime-status] [3561] Disabled runtime features: undefined {"metadata":{"emulator":{"name":"functions"},"message":"[runtime-status] [3561] Disabled runtime features: undefined"}}
[debug] [2021-02-04T05:21:38.541Z] [runtime-status] [3561] Resolved module firebase-admin {"declared":true,"installed":true,"version":"9.4.2","resolution":"/Users/macnew2019_115/Desktop/DEV/Twitter/functions/node_modules/firebase-admin/lib/index.js"} {"metadata":{"emulator":{"name":"functions"},"message":"[runtime-status] [3561] Resolved module firebase-admin {\"declared\":true,\"installed\":true,\"version\":\"9.4.2\",\"resolution\":\"/Users/macnew2019_115/Desktop/DEV/Twitter/functions/node_modules/firebase-admin/lib/index.js\"}"}}
[debug] [2021-02-04T05:21:38.543Z] [runtime-status] [3561] Resolved module firebase-functions {"declared":true,"installed":true,"version":"3.13.1","resolution":"/Users/macnew2019_115/Desktop/DEV/Twitter/functions/node_modules/firebase-functions/lib/index.js"} {"metadata":{"emulator":{"name":"functions"},"message":"[runtime-status] [3561] Resolved module firebase-functions {\"declared\":true,\"installed\":true,\"version\":\"3.13.1\",\"resolution\":\"/Users/macnew2019_115/Desktop/DEV/Twitter/functions/node_modules/firebase-functions/lib/index.js\"}"}}
[debug] [2021-02-04T05:21:38.546Z] [runtime-status] [3561] Resolved module firebase-functions {"declared":true,"installed":true,"version":"3.13.1","resolution":"/Users/macnew2019_115/Desktop/DEV/Twitter/functions/node_modules/firebase-functions/lib/index.js"} {"metadata":{"emulator":{"name":"functions"},"message":"[runtime-status] [3561] Resolved module firebase-functions {\"declared\":true,\"installed\":true,\"version\":\"3.13.1\",\"resolution\":\"/Users/macnew2019_115/Desktop/DEV/Twitter/functions/node_modules/firebase-functions/lib/index.js\"}"}}
[debug] [2021-02-04T05:21:38.548Z] [runtime-status] [3561] Outgoing network have been stubbed. [{"name":"http","status":"mocked"},{"name":"http","status":"mocked"},{"name":"https","status":"mocked"},{"name":"https","status":"mocked"},{"name":"net","status":"mocked"}] {"metadata":{"emulator":{"name":"functions"},"message":"[runtime-status] [3561] Outgoing network have been stubbed. [{\"name\":\"http\",\"status\":\"mocked\"},{\"name\":\"http\",\"status\":\"mocked\"},{\"name\":\"https\",\"status\":\"mocked\"},{\"name\":\"https\",\"status\":\"mocked\"},{\"name\":\"net\",\"status\":\"mocked\"}]"}}
[debug] [2021-02-04T05:21:38.549Z] [runtime-status] [3561] Resolved module firebase-functions {"declared":true,"installed":true,"version":"3.13.1","resolution":"/Users/macnew2019_115/Desktop/DEV/Twitter/functions/node_modules/firebase-functions/lib/index.js"} {"metadata":{"emulator":{"name":"functions"},"message":"[runtime-status] [3561] Resolved module firebase-functions {\"declared\":true,\"installed\":true,\"version\":\"3.13.1\",\"resolution\":\"/Users/macnew2019_115/Desktop/DEV/Twitter/functions/node_modules/firebase-functions/lib/index.js\"}"}}
[debug] [2021-02-04T05:21:38.607Z] [runtime-status] [3561] Checked functions.config() {"config":{}} {"metadata":{"emulator":{"name":"functions"},"message":"[runtime-status] [3561] Checked functions.config() {\"config\":{}}"}}
[debug] [2021-02-04T05:21:38.607Z] [runtime-status] [3561] firebase-functions has been stubbed. {"functionsResolution":{"declared":true,"installed":true,"version":"3.13.1","resolution":"/Users/macnew2019_115/Desktop/DEV/Twitter/functions/node_modules/firebase-functions/lib/index.js"}} {"metadata":{"emulator":{"name":"functions"},"message":"[runtime-status] [3561] firebase-functions has been stubbed. {\"functionsResolution\":{\"declared\":true,\"installed\":true,\"version\":\"3.13.1\",\"resolution\":\"/Users/macnew2019_115/Desktop/DEV/Twitter/functions/node_modules/firebase-functions/lib/index.js\"}}"}}
[debug] [2021-02-04T05:21:38.607Z] [runtime-status] [3561] Resolved module firebase-functions {"declared":true,"installed":true,"version":"3.13.1","resolution":"/Users/macnew2019_115/Desktop/DEV/Twitter/functions/node_modules/firebase-functions/lib/index.js"} {"metadata":{"emulator":{"name":"functions"},"message":"[runtime-status] [3561] Resolved module firebase-functions {\"declared\":true,\"installed\":true,\"version\":\"3.13.1\",\"resolution\":\"/Users/macnew2019_115/Desktop/DEV/Twitter/functions/node_modules/firebase-functions/lib/index.js\"}"}}
[debug] [2021-02-04T05:21:38.608Z] [runtime-status] [3561] Resolved module firebase-admin {"declared":true,"installed":true,"version":"9.4.2","resolution":"/Users/macnew2019_115/Desktop/DEV/Twitter/functions/node_modules/firebase-admin/lib/index.js"} {"metadata":{"emulator":{"name":"functions"},"message":"[runtime-status] [3561] Resolved module firebase-admin {\"declared\":true,\"installed\":true,\"version\":\"9.4.2\",\"resolution\":\"/Users/macnew2019_115/Desktop/DEV/Twitter/functions/node_modules/firebase-admin/lib/index.js\"}"}}
[debug] [2021-02-04T05:21:38.609Z] [runtime-status] [3561] Resolved module firebase-functions {"declared":true,"installed":true,"version":"3.13.1","resolution":"/Users/macnew2019_115/Desktop/DEV/Twitter/functions/node_modules/firebase-functions/lib/index.js"} {"metadata":{"emulator":{"name":"functions"},"message":"[runtime-status] [3561] Resolved module firebase-functions {\"declared\":true,\"installed\":true,\"version\":\"3.13.1\",\"resolution\":\"/Users/macnew2019_115/Desktop/DEV/Twitter/functions/node_modules/firebase-functions/lib/index.js\"}"}}
[debug] [2021-02-04T05:21:38.609Z] [runtime-status] [3561] firebase-admin has been stubbed. {"adminResolution":{"declared":true,"installed":true,"version":"9.4.2","resolution":"/Users/macnew2019_115/Desktop/DEV/Twitter/functions/node_modules/firebase-admin/lib/index.js"}} {"metadata":{"emulator":{"name":"functions"},"message":"[runtime-status] [3561] firebase-admin has been stubbed. {\"adminResolution\":{\"declared\":true,\"installed\":true,\"version\":\"9.4.2\",\"resolution\":\"/Users/macnew2019_115/Desktop/DEV/Twitter/functions/node_modules/firebase-admin/lib/index.js\"}}"}}
[info] ✔  functions[helloWorld]: http function initialized (http://localhost:5001/twitter-13dd2/us-central1/helloWorld). {"metadata":{"emulator":{"name":"functions"},"message":"\u001b[1mhttp\u001b[22m function initialized (http://localhost:5001/twitter-13dd2/us-central1/helloWorld)."}}
[info] ✔  functions[sendNotification]: http function initialized (http://localhost:5001/twitter-13dd2/us-central1/sendNotification). {"metadata":{"emulator":{"name":"functions"},"message":"\u001b[1mhttp\u001b[22m function initialized (http://localhost:5001/twitter-13dd2/us-central1/sendNotification)."}}
[info] 
┌─────────────────────────────────────────────────────────────┐
│ ✔  All emulators ready! It is now safe to connect your app. │
│ i  View Emulator UI at http://localhost:4000                │
└─────────────────────────────────────────────────────────────┘

┌───────────┬────────────────┬─────────────────────────────────┐
│ Emulator  │ Host:Port      │ View in Emulator UI             │
├───────────┼────────────────┼─────────────────────────────────┤
│ Functions │ localhost:5001 │ http://localhost:4000/functions │
└───────────┴────────────────┴─────────────────────────────────┘
  Emulator Hub running at localhost:4400
  Other reserved ports: 4500

Issues? Report them at https://github.com/firebase/firebase-tools/issues and attach the *-debug.log files.
 
[debug] [2021-02-04T05:21:38.623Z] [worker-~diagnostic~-39de9a1e-6065-4108-9ca7-f536a4526341]: IDLE {"metadata":{"emulator":{"name":"functions"},"message":"[worker-~diagnostic~-39de9a1e-6065-4108-9ca7-f536a4526341]: IDLE"}}
[debug] [2021-02-04T05:24:17.909Z] [work-queue] {"queueLength":1,"workRunningCount":0}
[debug] [2021-02-04T05:24:17.909Z] [work-queue] {"queueLength":0,"workRunningCount":1}
[debug] [2021-02-04T05:24:17.910Z] Accepted request POST /twitter-13dd2/us-central1/sendNotification --> sendNotification
[debug] [2021-02-04T05:24:17.916Z] [worker-pool] addWorker(sendNotification) {"metadata":{"emulator":{"name":"functions"},"message":"[worker-pool] addWorker(sendNotification)"}}
[debug] [2021-02-04T05:24:17.917Z] [worker-pool] Adding worker with key sendNotification, total=1 {"metadata":{"emulator":{"name":"functions"},"message":"[worker-pool] Adding worker with key sendNotification, total=1"}}
[debug] [2021-02-04T05:24:17.917Z] [worker-pool] submitWork(triggerId=sendNotification) {"metadata":{"emulator":{"name":"functions"},"message":"[worker-pool] submitWork(triggerId=sendNotification)"}}
[debug] [2021-02-04T05:24:17.917Z] [worker-sendNotification-cd2d08e3-9cc5-4749-8964-fa306c575aab]: Assigning socketPath: /var/folders/yn/4v1vvjks2s16gbzb1s81kbq40000gn/T/fire_emu_3616.sock {"metadata":{"emulator":{"name":"functions"},"message":"[worker-sendNotification-cd2d08e3-9cc5-4749-8964-fa306c575aab]: Assigning socketPath: /var/folders/yn/4v1vvjks2s16gbzb1s81kbq40000gn/T/fire_emu_3616.sock"}}
[debug] [2021-02-04T05:24:17.917Z] [worker-sendNotification-cd2d08e3-9cc5-4749-8964-fa306c575aab]: BUSY {"metadata":{"emulator":{"name":"functions"},"message":"[worker-sendNotification-cd2d08e3-9cc5-4749-8964-fa306c575aab]: BUSY"}}
[debug] [2021-02-04T05:24:18.092Z] [runtime-status] [3616] Functions runtime initialized. {"cwd":"/Users/macnew2019_115/Desktop/DEV/Twitter/functions","node_version":"14.15.1"} {"metadata":{"emulator":{"name":"functions"},"function":{"name":"sendNotification"},"message":"[runtime-status] [3616] Functions runtime initialized. {\"cwd\":\"/Users/macnew2019_115/Desktop/DEV/Twitter/functions\",\"node_version\":\"14.15.1\"}"}}
[debug] [2021-02-04T05:24:18.094Z] [runtime-status] [3616] Disabled runtime features: undefined {"metadata":{"emulator":{"name":"functions"},"function":{"name":"sendNotification"},"message":"[runtime-status] [3616] Disabled runtime features: undefined"}}
[debug] [2021-02-04T05:24:18.096Z] [runtime-status] [3616] Resolved module firebase-admin {"declared":true,"installed":true,"version":"9.4.2","resolution":"/Users/macnew2019_115/Desktop/DEV/Twitter/functions/node_modules/firebase-admin/lib/index.js"} {"metadata":{"emulator":{"name":"functions"},"function":{"name":"sendNotification"},"message":"[runtime-status] [3616] Resolved module firebase-admin {\"declared\":true,\"installed\":true,\"version\":\"9.4.2\",\"resolution\":\"/Users/macnew2019_115/Desktop/DEV/Twitter/functions/node_modules/firebase-admin/lib/index.js\"}"}}
[debug] [2021-02-04T05:24:18.097Z] [runtime-status] [3616] Resolved module firebase-functions {"declared":true,"installed":true,"version":"3.13.1","resolution":"/Users/macnew2019_115/Desktop/DEV/Twitter/functions/node_modules/firebase-functions/lib/index.js"} {"metadata":{"emulator":{"name":"functions"},"function":{"name":"sendNotification"},"message":"[runtime-status] [3616] Resolved module firebase-functions {\"declared\":true,\"installed\":true,\"version\":\"3.13.1\",\"resolution\":\"/Users/macnew2019_115/Desktop/DEV/Twitter/functions/node_modules/firebase-functions/lib/index.js\"}"}}
[debug] [2021-02-04T05:24:18.100Z] [runtime-status] [3616] Resolved module firebase-functions {"declared":true,"installed":true,"version":"3.13.1","resolution":"/Users/macnew2019_115/Desktop/DEV/Twitter/functions/node_modules/firebase-functions/lib/index.js"} {"metadata":{"emulator":{"name":"functions"},"function":{"name":"sendNotification"},"message":"[runtime-status] [3616] Resolved module firebase-functions {\"declared\":true,\"installed\":true,\"version\":\"3.13.1\",\"resolution\":\"/Users/macnew2019_115/Desktop/DEV/Twitter/functions/node_modules/firebase-functions/lib/index.js\"}"}}
[debug] [2021-02-04T05:24:18.102Z] [runtime-status] [3616] Outgoing network have been stubbed. [{"name":"http","status":"mocked"},{"name":"http","status":"mocked"},{"name":"https","status":"mocked"},{"name":"https","status":"mocked"},{"name":"net","status":"mocked"}] {"metadata":{"emulator":{"name":"functions"},"function":{"name":"sendNotification"},"message":"[runtime-status] [3616] Outgoing network have been stubbed. [{\"name\":\"http\",\"status\":\"mocked\"},{\"name\":\"http\",\"status\":\"mocked\"},{\"name\":\"https\",\"status\":\"mocked\"},{\"name\":\"https\",\"status\":\"mocked\"},{\"name\":\"net\",\"status\":\"mocked\"}]"}}
[debug] [2021-02-04T05:24:18.103Z] [runtime-status] [3616] Resolved module firebase-functions {"declared":true,"installed":true,"version":"3.13.1","resolution":"/Users/macnew2019_115/Desktop/DEV/Twitter/functions/node_modules/firebase-functions/lib/index.js"} {"metadata":{"emulator":{"name":"functions"},"function":{"name":"sendNotification"},"message":"[runtime-status] [3616] Resolved module firebase-functions {\"declared\":true,\"installed\":true,\"version\":\"3.13.1\",\"resolution\":\"/Users/macnew2019_115/Desktop/DEV/Twitter/functions/node_modules/firebase-functions/lib/index.js\"}"}}
[debug] [2021-02-04T05:24:18.145Z] [runtime-status] [3616] Checked functions.config() {"config":{}} {"metadata":{"emulator":{"name":"functions"},"function":{"name":"sendNotification"},"message":"[runtime-status] [3616] Checked functions.config() {\"config\":{}}"}}
[debug] [2021-02-04T05:24:18.145Z] [runtime-status] [3616] firebase-functions has been stubbed. {"functionsResolution":{"declared":true,"installed":true,"version":"3.13.1","resolution":"/Users/macnew2019_115/Desktop/DEV/Twitter/functions/node_modules/firebase-functions/lib/index.js"}} {"metadata":{"emulator":{"name":"functions"},"function":{"name":"sendNotification"},"message":"[runtime-status] [3616] firebase-functions has been stubbed. {\"functionsResolution\":{\"declared\":true,\"installed\":true,\"version\":\"3.13.1\",\"resolution\":\"/Users/macnew2019_115/Desktop/DEV/Twitter/functions/node_modules/firebase-functions/lib/index.js\"}}"}}
[debug] [2021-02-04T05:24:18.145Z] [runtime-status] [3616] Resolved module firebase-functions {"declared":true,"installed":true,"version":"3.13.1","resolution":"/Users/macnew2019_115/Desktop/DEV/Twitter/functions/node_modules/firebase-functions/lib/index.js"} {"metadata":{"emulator":{"name":"functions"},"function":{"name":"sendNotification"},"message":"[runtime-status] [3616] Resolved module firebase-functions {\"declared\":true,\"installed\":true,\"version\":\"3.13.1\",\"resolution\":\"/Users/macnew2019_115/Desktop/DEV/Twitter/functions/node_modules/firebase-functions/lib/index.js\"}"}}
[debug] [2021-02-04T05:24:18.146Z] [runtime-status] [3616] Resolved module firebase-admin {"declared":true,"installed":true,"version":"9.4.2","resolution":"/Users/macnew2019_115/Desktop/DEV/Twitter/functions/node_modules/firebase-admin/lib/index.js"} {"metadata":{"emulator":{"name":"functions"},"function":{"name":"sendNotification"},"message":"[runtime-status] [3616] Resolved module firebase-admin {\"declared\":true,\"installed\":true,\"version\":\"9.4.2\",\"resolution\":\"/Users/macnew2019_115/Desktop/DEV/Twitter/functions/node_modules/firebase-admin/lib/index.js\"}"}}
[debug] [2021-02-04T05:24:18.147Z] [runtime-status] [3616] Resolved module firebase-functions {"declared":true,"installed":true,"version":"3.13.1","resolution":"/Users/macnew2019_115/Desktop/DEV/Twitter/functions/node_modules/firebase-functions/lib/index.js"} {"metadata":{"emulator":{"name":"functions"},"function":{"name":"sendNotification"},"message":"[runtime-status] [3616] Resolved module firebase-functions {\"declared\":true,\"installed\":true,\"version\":\"3.13.1\",\"resolution\":\"/Users/macnew2019_115/Desktop/DEV/Twitter/functions/node_modules/firebase-functions/lib/index.js\"}"}}
[debug] [2021-02-04T05:24:18.147Z] [runtime-status] [3616] firebase-admin has been stubbed. {"adminResolution":{"declared":true,"installed":true,"version":"9.4.2","resolution":"/Users/macnew2019_115/Desktop/DEV/Twitter/functions/node_modules/firebase-admin/lib/index.js"}} {"metadata":{"emulator":{"name":"functions"},"function":{"name":"sendNotification"},"message":"[runtime-status] [3616] firebase-admin has been stubbed. {\"adminResolution\":{\"declared\":true,\"installed\":true,\"version\":\"9.4.2\",\"resolution\":\"/Users/macnew2019_115/Desktop/DEV/Twitter/functions/node_modules/firebase-admin/lib/index.js\"}}"}}
[debug] [2021-02-04T05:24:18.149Z] [runtime-status] [3616] Trigger "sendNotification" has been found, beginning invocation! {"metadata":{"emulator":{"name":"functions"},"function":{"name":"sendNotification"},"message":"[runtime-status] [3616] Trigger \"sendNotification\" has been found, beginning invocation!"}}
[info] i  functions: Beginning execution of "sendNotification" {"metadata":{"emulator":{"name":"functions"},"function":{"name":"sendNotification"},"message":"Beginning execution of \"sendNotification\""}}
[debug] [2021-02-04T05:24:18.150Z] [runtime-status] [3616] triggerDefinition {"httpsTrigger":{},"labels":{"deployment-callable":"true"},"name":"sendNotification","entryPoint":"sendNotification"} {"metadata":{"emulator":{"name":"functions"},"function":{"name":"sendNotification"},"message":"[runtime-status] [3616] triggerDefinition {\"httpsTrigger\":{},\"labels\":{\"deployment-callable\":\"true\"},\"name\":\"sendNotification\",\"entryPoint\":\"sendNotification\"}"}}
[debug] [2021-02-04T05:24:18.150Z] [runtime-status] [3616] Running sendNotification in mode HTTPS {"metadata":{"emulator":{"name":"functions"},"function":{"name":"sendNotification"},"message":"[runtime-status] [3616] Running sendNotification in mode HTTPS"}}
[debug] [2021-02-04T05:24:18.154Z] [runtime-status] [3616] Attempting to listen to socketPath: /var/folders/yn/4v1vvjks2s16gbzb1s81kbq40000gn/T/fire_emu_3616.sock {"metadata":{"emulator":{"name":"functions"},"function":{"name":"sendNotification"},"message":"[runtime-status] [3616] Attempting to listen to socketPath: /var/folders/yn/4v1vvjks2s16gbzb1s81kbq40000gn/T/fire_emu_3616.sock"}}
[debug] [2021-02-04T05:24:18.161Z] [functions] Runtime ready! Sending request! {"metadata":{"emulator":{"name":"functions"},"message":"[functions] Runtime ready! Sending request!"}}
[debug] [2021-02-04T05:24:18.162Z] [functions] Got req.url=/twitter-13dd2/us-central1/sendNotification, mapping to path=/ {"metadata":{"emulator":{"name":"functions"},"message":"[functions] Got req.url=/twitter-13dd2/us-central1/sendNotification, mapping to path=/"}}
[debug] [2021-02-04T05:24:18.196Z] [runtime-status] [3616] Ephemeral server handling POST request {"metadata":{"emulator":{"name":"functions"},"function":{"name":"sendNotification"},"message":"[runtime-status] [3616] Ephemeral server handling POST request"}}
[debug] [2021-02-04T05:24:18.199Z] [runtime-status] [3616] No callable functions auth found {"metadata":{"emulator":{"name":"functions"},"function":{"name":"sendNotification"},"message":"[runtime-status] [3616] No callable functions auth found"}}
[info] >  {"structuredData":true,"severity":"INFO","message":"Hello logs!"} {"user":{"structuredData":true,"severity":"INFO","message":"Hello logs!"},"metadata":{"emulator":{"name":"functions"},"function":{"name":"sendNotification"},"message":"\u001b[90m> \u001b[39m {\"structuredData\":true,\"severity\":\"INFO\",\"message\":\"Hello logs!\"}"}}
[debug] [2021-02-04T05:24:18.208Z] [runtime-status] [3616] Ephemeral server survived. {"metadata":{"emulator":{"name":"functions"},"function":{"name":"sendNotification"},"message":"[runtime-status] [3616] Ephemeral server survived."}}
[info] i  functions: Finished "sendNotification" in ~1s {"metadata":{"emulator":{"name":"functions"},"function":{"name":"sendNotification"},"message":"Finished \"sendNotification\" in ~1s"}}
[debug] [2021-02-04T05:24:18.234Z] [worker-sendNotification-cd2d08e3-9cc5-4749-8964-fa306c575aab]: IDLE {"metadata":{"emulator":{"name":"functions"},"message":"[worker-sendNotification-cd2d08e3-9cc5-4749-8964-fa306c575aab]: IDLE"}}
[debug] [2021-02-04T05:24:18.234Z] [work-queue] {"queueLength":0,"workRunningCount":0}
[debug] [2021-02-04T05:30:24.742Z] [work-queue] {"queueLength":1,"workRunningCount":0}
[debug] [2021-02-04T05:30:24.742Z] [work-queue] {"queueLength":0,"workRunningCount":1}
[debug] [2021-02-04T05:30:24.743Z] Accepted request POST /twitter-13dd2/us-central1/sendNotification --> sendNotification
[debug] [2021-02-04T05:30:24.743Z] [worker-pool] submitWork(triggerId=sendNotification) {"metadata":{"emulator":{"name":"functions"},"message":"[worker-pool] submitWork(triggerId=sendNotification)"}}
[debug] [2021-02-04T05:30:24.743Z] [worker-sendNotification-cd2d08e3-9cc5-4749-8964-fa306c575aab]: Assigning socketPath: /var/folders/yn/4v1vvjks2s16gbzb1s81kbq40000gn/T/fire_emu_3616.sock {"metadata":{"emulator":{"name":"functions"},"message":"[worker-sendNotification-cd2d08e3-9cc5-4749-8964-fa306c575aab]: Assigning socketPath: /var/folders/yn/4v1vvjks2s16gbzb1s81kbq40000gn/T/fire_emu_3616.sock"}}
[debug] [2021-02-04T05:30:24.743Z] [worker-sendNotification-cd2d08e3-9cc5-4749-8964-fa306c575aab]: BUSY {"metadata":{"emulator":{"name":"functions"},"message":"[worker-sendNotification-cd2d08e3-9cc5-4749-8964-fa306c575aab]: BUSY"}}
[debug] [2021-02-04T05:30:24.744Z] [runtime-status] [3616] Trigger "sendNotification" has been found, beginning invocation! {"metadata":{"emulator":{"name":"functions"},"function":{"name":"sendNotification"},"message":"[runtime-status] [3616] Trigger \"sendNotification\" has been found, beginning invocation!"}}
[info] i  functions: Beginning execution of "sendNotification" {"metadata":{"emulator":{"name":"functions"},"function":{"name":"sendNotification"},"message":"Beginning execution of \"sendNotification\""}}
[debug] [2021-02-04T05:30:24.744Z] [runtime-status] [3616] triggerDefinition {"httpsTrigger":{},"labels":{"deployment-callable":"true"},"name":"sendNotification","entryPoint":"sendNotification"} {"metadata":{"emulator":{"name":"functions"},"function":{"name":"sendNotification"},"message":"[runtime-status] [3616] triggerDefinition {\"httpsTrigger\":{},\"labels\":{\"deployment-callable\":\"true\"},\"name\":\"sendNotification\",\"entryPoint\":\"sendNotification\"}"}}
[debug] [2021-02-04T05:30:24.744Z] [runtime-status] [3616] Running sendNotification in mode HTTPS {"metadata":{"emulator":{"name":"functions"},"function":{"name":"sendNotification"},"message":"[runtime-status] [3616] Running sendNotification in mode HTTPS"}}
[debug] [2021-02-04T05:30:24.745Z] [runtime-status] [3616] Attempting to listen to socketPath: /var/folders/yn/4v1vvjks2s16gbzb1s81kbq40000gn/T/fire_emu_3616.sock {"metadata":{"emulator":{"name":"functions"},"function":{"name":"sendNotification"},"message":"[runtime-status] [3616] Attempting to listen to socketPath: /var/folders/yn/4v1vvjks2s16gbzb1s81kbq40000gn/T/fire_emu_3616.sock"}}
[debug] [2021-02-04T05:30:24.746Z] [functions] Runtime ready! Sending request! {"metadata":{"emulator":{"name":"functions"},"message":"[functions] Runtime ready! Sending request!"}}
[debug] [2021-02-04T05:30:24.746Z] [functions] Got req.url=/twitter-13dd2/us-central1/sendNotification, mapping to path=/ {"metadata":{"emulator":{"name":"functions"},"message":"[functions] Got req.url=/twitter-13dd2/us-central1/sendNotification, mapping to path=/"}}
[debug] [2021-02-04T05:30:24.750Z] [runtime-status] [3616] Ephemeral server handling POST request {"metadata":{"emulator":{"name":"functions"},"function":{"name":"sendNotification"},"message":"[runtime-status] [3616] Ephemeral server handling POST request"}}
[debug] [2021-02-04T05:30:24.750Z] [runtime-status] [3616] No callable functions auth found {"metadata":{"emulator":{"name":"functions"},"function":{"name":"sendNotification"},"message":"[runtime-status] [3616] No callable functions auth found"}}
[info] >  {"structuredData":true,"severity":"INFO","message":"Hello logs!"} {"user":{"structuredData":true,"severity":"INFO","message":"Hello logs!"},"metadata":{"emulator":{"name":"functions"},"function":{"name":"sendNotification"},"message":"\u001b[90m> \u001b[39m {\"structuredData\":true,\"severity\":\"INFO\",\"message\":\"Hello logs!\"}"}}
[debug] [2021-02-04T05:30:24.751Z] [runtime-status] [3616] Ephemeral server survived. {"metadata":{"emulator":{"name":"functions"},"function":{"name":"sendNotification"},"message":"[runtime-status] [3616] Ephemeral server survived."}}
[info] i  functions: Finished "sendNotification" in ~1s {"metadata":{"emulator":{"name":"functions"},"function":{"name":"sendNotification"},"message":"Finished \"sendNotification\" in ~1s"}}
[debug] [2021-02-04T05:30:24.756Z] [worker-sendNotification-cd2d08e3-9cc5-4749-8964-fa306c575aab]: IDLE {"metadata":{"emulator":{"name":"functions"},"message":"[worker-sendNotification-cd2d08e3-9cc5-4749-8964-fa306c575aab]: IDLE"}}
[debug] [2021-02-04T05:30:24.756Z] [work-queue] {"queueLength":0,"workRunningCount":0}
